<?xml version="1.0" encoding="UTF-8"?>
<!-- Generated by org.testng.reporters.JUnitReportReporter -->
<testsuite skipped="0" hostname="DELL" name="loginfunctionality.SignIn" tests="3" failures="0" timestamp="11 Dec 2017 19:53:19 GMT" time="0.016" errors="0">
  <testcase name="testMethod1" time="0.000" classname="loginfunctionality.SignIn"/>
  <testcase name="testMethod1" time="0.016" classname="loginfunctionality.SignIn"/>
  <testcase name="testMethod2" time="0.000" classname="loginfunctionality.SignIn"/>
</testsuite> <!-- loginfunctionality.SignIn -->
