<?xml version="1.0" encoding="UTF-8"?>
<!-- Generated by org.testng.reporters.JUnitReportReporter -->
<testsuite skipped="0" hostname="DELL" name="loginfunctionality.SignUp" tests="3" failures="0" timestamp="11 Dec 2017 20:00:01 GMT" time="0.015" errors="0">
  <testcase name="testMethod1" time="0.000" classname="loginfunctionality.SignUp"/>
  <testcase name="testMethod1" time="0.015" classname="loginfunctionality.SignUp"/>
  <testcase name="testMethod2" time="0.000" classname="loginfunctionality.SignUp"/>
</testsuite> <!-- loginfunctionality.SignUp -->
